Determining if the pthread_create exist failed with the following output:
Change Dir: /home/pi/Documents/mfe/Onboard-SDK-3.2/build/CMakeFiles/CMakeTmp

Run Build Command:"/usr/bin/make" "cmTC_420b5/fast"
/usr/bin/make -f CMakeFiles/cmTC_420b5.dir/build.make CMakeFiles/cmTC_420b5.dir/build
make[1]: Entering directory '/home/pi/Documents/mfe/Onboard-SDK-3.2/build/CMakeFiles/CMakeTmp'
Building C object CMakeFiles/cmTC_420b5.dir/CheckSymbolExists.c.o
/usr/bin/cc     -o CMakeFiles/cmTC_420b5.dir/CheckSymbolExists.c.o   -c /home/pi/Documents/mfe/Onboard-SDK-3.2/build/CMakeFiles/CMakeTmp/CheckSymbolExists.c
Linking C executable cmTC_420b5
/usr/bin/cmake -E cmake_link_script CMakeFiles/cmTC_420b5.dir/link.txt --verbose=1
/usr/bin/cc       CMakeFiles/cmTC_420b5.dir/CheckSymbolExists.c.o  -o cmTC_420b5 -rdynamic 
CMakeFiles/cmTC_420b5.dir/CheckSymbolExists.c.o: In function `main':
CheckSymbolExists.c:(.text+0x38): undefined reference to `pthread_create'
collect2: error: ld returned 1 exit status
CMakeFiles/cmTC_420b5.dir/build.make:97: recipe for target 'cmTC_420b5' failed
make[1]: *** [cmTC_420b5] Error 1
make[1]: Leaving directory '/home/pi/Documents/mfe/Onboard-SDK-3.2/build/CMakeFiles/CMakeTmp'
Makefile:126: recipe for target 'cmTC_420b5/fast' failed
make: *** [cmTC_420b5/fast] Error 2

File /home/pi/Documents/mfe/Onboard-SDK-3.2/build/CMakeFiles/CMakeTmp/CheckSymbolExists.c:
/* */
#include <pthread.h>

int main(int argc, char** argv)
{
  (void)argv;
#ifndef pthread_create
  return ((int*)(&pthread_create))[argc];
#else
  (void)argc;
  return 0;
#endif
}

Determining if the function pthread_create exists in the pthreads failed with the following output:
Change Dir: /home/pi/Documents/mfe/Onboard-SDK-3.2/build/CMakeFiles/CMakeTmp

Run Build Command:"/usr/bin/make" "cmTC_bdbdc/fast"
/usr/bin/make -f CMakeFiles/cmTC_bdbdc.dir/build.make CMakeFiles/cmTC_bdbdc.dir/build
make[1]: Entering directory '/home/pi/Documents/mfe/Onboard-SDK-3.2/build/CMakeFiles/CMakeTmp'
Building C object CMakeFiles/cmTC_bdbdc.dir/CheckFunctionExists.c.o
/usr/bin/cc    -DCHECK_FUNCTION_EXISTS=pthread_create   -o CMakeFiles/cmTC_bdbdc.dir/CheckFunctionExists.c.o   -c /usr/share/cmake-3.6/Modules/CheckFunctionExists.c
Linking C executable cmTC_bdbdc
/usr/bin/cmake -E cmake_link_script CMakeFiles/cmTC_bdbdc.dir/link.txt --verbose=1
/usr/bin/cc   -DCHECK_FUNCTION_EXISTS=pthread_create    CMakeFiles/cmTC_bdbdc.dir/CheckFunctionExists.c.o  -o cmTC_bdbdc -rdynamic -lpthreads 
/usr/bin/ld: cannot find -lpthreads
collect2: error: ld returned 1 exit status
CMakeFiles/cmTC_bdbdc.dir/build.make:97: recipe for target 'cmTC_bdbdc' failed
make[1]: *** [cmTC_bdbdc] Error 1
make[1]: Leaving directory '/home/pi/Documents/mfe/Onboard-SDK-3.2/build/CMakeFiles/CMakeTmp'
Makefile:126: recipe for target 'cmTC_bdbdc/fast' failed
make: *** [cmTC_bdbdc/fast] Error 2


